{"/home/luis/Documents/driven/modulo5/projeto21-singmeasong/sing-me-a-song/back-end/factories/unitFactory.ts": {"path":"/home/luis/Documents/driven/modulo5/projeto21-singmeasong/sing-me-a-song/back-end/factories/unitFactory.ts","statementMap":{"0":{"start":{"line":1,"column":0},"end":{"line":1,"column":40}},"1":{"start":{"line":5,"column":13},"end":{"line":8,"column":2}},"2":{"start":{"line":10,"column":13},"end":{"line":15,"column":2}},"3":{"start":{"line":17,"column":13},"end":{"line":17,"column":62}},"4":{"start":{"line":19,"column":13},"end":{"line":24,"column":2}}},"fnMap":{},"branchMap":{},"s":{"0":1,"1":1,"2":1,"3":1,"4":1},"f":{},"b":{}}
,"/home/luis/Documents/driven/modulo5/projeto21-singmeasong/sing-me-a-song/back-end/src/database.ts": {"path":"/home/luis/Documents/driven/modulo5/projeto21-singmeasong/sing-me-a-song/back-end/src/database.ts","statementMap":{"0":{"start":{"line":1,"column":0},"end":{"line":1,"column":33}},"1":{"start":{"line":3,"column":25},"end":{"line":3,"column":28}},"2":{"start":{"line":4,"column":13},"end":{"line":4,"column":41}}},"fnMap":{},"branchMap":{},"s":{"0":1,"1":1,"2":1},"f":{},"b":{}}
,"/home/luis/Documents/driven/modulo5/projeto21-singmeasong/sing-me-a-song/back-end/src/repositories/recommendationRepository.ts": {"path":"/home/luis/Documents/driven/modulo5/projeto21-singmeasong/sing-me-a-song/back-end/src/repositories/recommendationRepository.ts","statementMap":{"0":{"start":{"line":2,"column":0},"end":{"line":2,"column":40}},"1":{"start":{"line":6,"column":4},"end":{"line":8,"column":7}},"2":{"start":{"line":17,"column":19},"end":{"line":17,"column":49}},"3":{"start":{"line":19,"column":4},"end":{"line":23,"column":7}},"4":{"start":{"line":27,"column":4},"end":{"line":30,"column":7}},"5":{"start":{"line":36,"column":4},"end":{"line":36,"column":33}},"6":{"start":{"line":36,"column":23},"end":{"line":36,"column":33}},"7":{"start":{"line":38,"column":35},"end":{"line":38,"column":47}},"8":{"start":{"line":40,"column":4},"end":{"line":42,"column":6}},"9":{"start":{"line":46,"column":4},"end":{"line":48,"column":7}},"10":{"start":{"line":52,"column":4},"end":{"line":54,"column":7}},"11":{"start":{"line":58,"column":4},"end":{"line":63,"column":7}},"12":{"start":{"line":67,"column":4},"end":{"line":69,"column":7}},"13":{"start":{"line":72,"column":13},"end":{"line":80,"column":2}}},"fnMap":{"0":{"name":"create","decl":{"start":{"line":5,"column":15},"end":{"line":5,"column":21}},"loc":{"start":{"line":5,"column":72},"end":{"line":9,"column":null}}},"1":{"name":"findAll","decl":{"start":{"line":16,"column":9},"end":{"line":16,"column":16}},"loc":{"start":{"line":16,"column":44},"end":{"line":24,"column":1}}},"2":{"name":"getAmountByScore","decl":{"start":{"line":26,"column":9},"end":{"line":26,"column":25}},"loc":{"start":{"line":26,"column":38},"end":{"line":31,"column":1}}},"3":{"name":"getFindAllFilter","decl":{"start":{"line":33,"column":9},"end":{"line":33,"column":25}},"loc":{"start":{"line":34,"column":31},"end":{"line":43,"column":1}}},"4":{"name":"find","decl":{"start":{"line":45,"column":9},"end":{"line":45,"column":13}},"loc":{"start":{"line":45,"column":24},"end":{"line":49,"column":1}}},"5":{"name":"findByName","decl":{"start":{"line":51,"column":9},"end":{"line":51,"column":19}},"loc":{"start":{"line":51,"column":32},"end":{"line":55,"column":1}}},"6":{"name":"updateScore","decl":{"start":{"line":57,"column":15},"end":{"line":57,"column":26}},"loc":{"start":{"line":57,"column":75},"end":{"line":64,"column":null}}},"7":{"name":"remove","decl":{"start":{"line":66,"column":15},"end":{"line":66,"column":21}},"loc":{"start":{"line":66,"column":32},"end":{"line":70,"column":null}}}},"branchMap":{"0":{"loc":{"start":{"line":36,"column":4},"end":{"line":36,"column":33}},"type":"if","locations":[{"start":{"line":36,"column":4},"end":{"line":36,"column":33}}]}},"s":{"0":1,"1":0,"2":0,"3":0,"4":0,"5":0,"6":0,"7":0,"8":0,"9":0,"10":0,"11":0,"12":0,"13":1},"f":{"0":0,"1":0,"2":0,"3":0,"4":0,"5":0,"6":0,"7":0},"b":{"0":[0]}}
,"/home/luis/Documents/driven/modulo5/projeto21-singmeasong/sing-me-a-song/back-end/src/services/recommendationsService.ts": {"path":"/home/luis/Documents/driven/modulo5/projeto21-singmeasong/sing-me-a-song/back-end/src/services/recommendationsService.ts","statementMap":{"0":{"start":{"line":2,"column":0},"end":{"line":2,"column":87}},"1":{"start":{"line":3,"column":0},"end":{"line":3,"column":70}},"2":{"start":{"line":8,"column":35},"end":{"line":9,"column":null}},"3":{"start":{"line":11,"column":4},"end":{"line":12,"column":68}},"4":{"start":{"line":12,"column":8},"end":{"line":12,"column":68}},"5":{"start":{"line":14,"column":4},"end":{"line":14,"column":68}},"6":{"start":{"line":18,"column":4},"end":{"line":18,"column":28}},"7":{"start":{"line":20,"column":4},"end":{"line":20,"column":64}},"8":{"start":{"line":24,"column":4},"end":{"line":24,"column":28}},"9":{"start":{"line":26,"column":34},"end":{"line":28,"column":null}},"10":{"start":{"line":31,"column":4},"end":{"line":33,"column":null}},"11":{"start":{"line":32,"column":8},"end":{"line":32,"column":50}},"12":{"start":{"line":37,"column":27},"end":{"line":37,"column":66}},"13":{"start":{"line":38,"column":4},"end":{"line":38,"column":47}},"14":{"start":{"line":38,"column":25},"end":{"line":38,"column":47}},"15":{"start":{"line":40,"column":4},"end":{"line":40,"column":26}},"16":{"start":{"line":44,"column":4},"end":{"line":44,"column":46}},"17":{"start":{"line":48,"column":4},"end":{"line":48,"column":61}},"18":{"start":{"line":52,"column":19},"end":{"line":52,"column":32}},"19":{"start":{"line":53,"column":24},"end":{"line":53,"column":46}},"20":{"start":{"line":55,"column":28},"end":{"line":55,"column":57}},"21":{"start":{"line":56,"column":4},"end":{"line":58,"column":null}},"22":{"start":{"line":57,"column":8},"end":{"line":57,"column":30}},"23":{"start":{"line":60,"column":24},"end":{"line":60,"column":74}},"24":{"start":{"line":61,"column":4},"end":{"line":61,"column":40}},"25":{"start":{"line":65,"column":28},"end":{"line":68,"column":6}},"26":{"start":{"line":70,"column":4},"end":{"line":72,"column":null}},"27":{"start":{"line":71,"column":8},"end":{"line":71,"column":31}},"28":{"start":{"line":74,"column":4},"end":{"line":74,"column":46}},"29":{"start":{"line":78,"column":4},"end":{"line":80,"column":null}},"30":{"start":{"line":79,"column":8},"end":{"line":79,"column":20}},"31":{"start":{"line":82,"column":4},"end":{"line":82,"column":17}},"32":{"start":{"line":85,"column":13},"end":{"line":93,"column":2}}},"fnMap":{"0":{"name":"insert","decl":{"start":{"line":7,"column":15},"end":{"line":7,"column":21}},"loc":{"start":{"line":7,"column":72},"end":{"line":15,"column":null}}},"1":{"name":"upvote","decl":{"start":{"line":17,"column":15},"end":{"line":17,"column":21}},"loc":{"start":{"line":17,"column":32},"end":{"line":21,"column":null}}},"2":{"name":"downvote","decl":{"start":{"line":23,"column":15},"end":{"line":23,"column":23}},"loc":{"start":{"line":23,"column":34},"end":{"line":34,"column":null}}},"3":{"name":"getByIdOrFail","decl":{"start":{"line":36,"column":15},"end":{"line":36,"column":28}},"loc":{"start":{"line":36,"column":39},"end":{"line":41,"column":null}}},"4":{"name":"get","decl":{"start":{"line":43,"column":15},"end":{"line":43,"column":18}},"loc":{"start":{"line":43,"column":18},"end":{"line":45,"column":null}}},"5":{"name":"getTop","decl":{"start":{"line":47,"column":15},"end":{"line":47,"column":21}},"loc":{"start":{"line":47,"column":36},"end":{"line":49,"column":null}}},"6":{"name":"getRandom","decl":{"start":{"line":51,"column":15},"end":{"line":51,"column":24}},"loc":{"start":{"line":51,"column":24},"end":{"line":62,"column":null}}},"7":{"name":"getByScore","decl":{"start":{"line":64,"column":15},"end":{"line":64,"column":25}},"loc":{"start":{"line":64,"column":51},"end":{"line":75,"column":null}}},"8":{"name":"getScoreFilter","decl":{"start":{"line":77,"column":9},"end":{"line":77,"column":23}},"loc":{"start":{"line":77,"column":38},"end":{"line":83,"column":1}}}},"branchMap":{"0":{"loc":{"start":{"line":11,"column":4},"end":{"line":12,"column":68}},"type":"if","locations":[{"start":{"line":11,"column":4},"end":{"line":12,"column":68}}]},"1":{"loc":{"start":{"line":31,"column":4},"end":{"line":33,"column":null}},"type":"if","locations":[{"start":{"line":31,"column":4},"end":{"line":33,"column":null}}]},"2":{"loc":{"start":{"line":38,"column":4},"end":{"line":38,"column":47}},"type":"if","locations":[{"start":{"line":38,"column":4},"end":{"line":38,"column":47}}]},"3":{"loc":{"start":{"line":56,"column":4},"end":{"line":58,"column":null}},"type":"if","locations":[{"start":{"line":56,"column":4},"end":{"line":58,"column":null}}]},"4":{"loc":{"start":{"line":70,"column":4},"end":{"line":72,"column":null}},"type":"if","locations":[{"start":{"line":70,"column":4},"end":{"line":72,"column":null}}]},"5":{"loc":{"start":{"line":78,"column":4},"end":{"line":80,"column":null}},"type":"if","locations":[{"start":{"line":78,"column":4},"end":{"line":80,"column":null}}]}},"s":{"0":1,"1":1,"2":2,"3":2,"4":1,"5":1,"6":2,"7":1,"8":3,"9":2,"10":2,"11":1,"12":7,"13":7,"14":3,"15":4,"16":1,"17":1,"18":3,"19":3,"20":3,"21":3,"22":1,"23":2,"24":2,"25":3,"26":3,"27":2,"28":1,"29":3,"30":1,"31":2,"32":1},"f":{"0":2,"1":2,"2":3,"3":7,"4":1,"5":1,"6":3,"7":3,"8":3},"b":{"0":[1],"1":[1],"2":[3],"3":[1],"4":[2],"5":[1]}}
,"/home/luis/Documents/driven/modulo5/projeto21-singmeasong/sing-me-a-song/back-end/src/utils/errorUtils.ts": {"path":"/home/luis/Documents/driven/modulo5/projeto21-singmeasong/sing-me-a-song/back-end/src/utils/errorUtils.ts","statementMap":{"0":{"start":{"line":8,"column":4},"end":{"line":8,"column":50}},"1":{"start":{"line":7,"column":0},"end":{"line":7,"column":16}},"2":{"start":{"line":12,"column":4},"end":{"line":12,"column":40}},"3":{"start":{"line":12,"column":29},"end":{"line":12,"column":40}},"4":{"start":{"line":13,"column":4},"end":{"line":13,"column":41}},"5":{"start":{"line":13,"column":30},"end":{"line":13,"column":41}},"6":{"start":{"line":14,"column":4},"end":{"line":14,"column":44}},"7":{"start":{"line":14,"column":33},"end":{"line":14,"column":44}},"8":{"start":{"line":15,"column":4},"end":{"line":15,"column":44}},"9":{"start":{"line":15,"column":33},"end":{"line":15,"column":44}},"10":{"start":{"line":16,"column":4},"end":{"line":16,"column":15}},"11":{"start":{"line":11,"column":0},"end":{"line":11,"column":16}},"12":{"start":{"line":20,"column":4},"end":{"line":20,"column":56}},"13":{"start":{"line":19,"column":0},"end":{"line":19,"column":16}},"14":{"start":{"line":24,"column":4},"end":{"line":24,"column":57}},"15":{"start":{"line":23,"column":0},"end":{"line":23,"column":16}},"16":{"start":{"line":28,"column":4},"end":{"line":28,"column":60}},"17":{"start":{"line":27,"column":0},"end":{"line":27,"column":16}},"18":{"start":{"line":32,"column":4},"end":{"line":32,"column":60}},"19":{"start":{"line":31,"column":0},"end":{"line":31,"column":16}}},"fnMap":{"0":{"name":"isAppError","decl":{"start":{"line":7,"column":16},"end":{"line":7,"column":26}},"loc":{"start":{"line":7,"column":40},"end":{"line":9,"column":1}}},"1":{"name":"errorTypeToStatusCode","decl":{"start":{"line":11,"column":16},"end":{"line":11,"column":37}},"loc":{"start":{"line":11,"column":57},"end":{"line":17,"column":1}}},"2":{"name":"conflictError","decl":{"start":{"line":19,"column":16},"end":{"line":19,"column":29}},"loc":{"start":{"line":19,"column":46},"end":{"line":21,"column":1}}},"3":{"name":"notFoundError","decl":{"start":{"line":23,"column":16},"end":{"line":23,"column":29}},"loc":{"start":{"line":23,"column":46},"end":{"line":25,"column":1}}},"4":{"name":"unauthorizedError","decl":{"start":{"line":27,"column":16},"end":{"line":27,"column":33}},"loc":{"start":{"line":27,"column":50},"end":{"line":29,"column":1}}},"5":{"name":"wrongSchemaError","decl":{"start":{"line":31,"column":16},"end":{"line":31,"column":32}},"loc":{"start":{"line":31,"column":49},"end":{"line":33,"column":1}}}},"branchMap":{"0":{"loc":{"start":{"line":12,"column":4},"end":{"line":12,"column":40}},"type":"if","locations":[{"start":{"line":12,"column":4},"end":{"line":12,"column":40}}]},"1":{"loc":{"start":{"line":13,"column":4},"end":{"line":13,"column":41}},"type":"if","locations":[{"start":{"line":13,"column":4},"end":{"line":13,"column":41}}]},"2":{"loc":{"start":{"line":14,"column":4},"end":{"line":14,"column":44}},"type":"if","locations":[{"start":{"line":14,"column":4},"end":{"line":14,"column":44}}]},"3":{"loc":{"start":{"line":15,"column":4},"end":{"line":15,"column":44}},"type":"if","locations":[{"start":{"line":15,"column":4},"end":{"line":15,"column":44}}]},"4":{"loc":{"start":{"line":20,"column":40},"end":{"line":20,"column":53}},"type":"cond-expr","locations":[{"start":{"line":20,"column":40},"end":{"line":20,"column":47}},{"start":{"line":20,"column":51},"end":{"line":20,"column":53}}]},"5":{"loc":{"start":{"line":20,"column":40},"end":{"line":20,"column":51}},"type":"binary-expr","locations":[{"start":{"line":20,"column":40},"end":{"line":20,"column":51}},{"start":{"line":20,"column":40},"end":{"line":20,"column":51}}]},"6":{"loc":{"start":{"line":24,"column":41},"end":{"line":24,"column":54}},"type":"cond-expr","locations":[{"start":{"line":24,"column":41},"end":{"line":24,"column":48}},{"start":{"line":24,"column":52},"end":{"line":24,"column":54}}]},"7":{"loc":{"start":{"line":24,"column":41},"end":{"line":24,"column":52}},"type":"binary-expr","locations":[{"start":{"line":24,"column":41},"end":{"line":24,"column":52}},{"start":{"line":24,"column":41},"end":{"line":24,"column":52}}]},"8":{"loc":{"start":{"line":28,"column":44},"end":{"line":28,"column":57}},"type":"cond-expr","locations":[{"start":{"line":28,"column":44},"end":{"line":28,"column":51}},{"start":{"line":28,"column":55},"end":{"line":28,"column":57}}]},"9":{"loc":{"start":{"line":28,"column":44},"end":{"line":28,"column":55}},"type":"binary-expr","locations":[{"start":{"line":28,"column":44},"end":{"line":28,"column":55}},{"start":{"line":28,"column":44},"end":{"line":28,"column":55}}]},"10":{"loc":{"start":{"line":32,"column":44},"end":{"line":32,"column":57}},"type":"cond-expr","locations":[{"start":{"line":32,"column":44},"end":{"line":32,"column":51}},{"start":{"line":32,"column":55},"end":{"line":32,"column":57}}]},"11":{"loc":{"start":{"line":32,"column":44},"end":{"line":32,"column":55}},"type":"binary-expr","locations":[{"start":{"line":32,"column":44},"end":{"line":32,"column":55}},{"start":{"line":32,"column":44},"end":{"line":32,"column":55}}]}},"s":{"0":0,"1":1,"2":0,"3":0,"4":0,"5":0,"6":0,"7":0,"8":0,"9":0,"10":0,"11":1,"12":2,"13":1,"14":8,"15":1,"16":0,"17":1,"18":0,"19":1},"f":{"0":0,"1":0,"2":2,"3":8,"4":0,"5":0},"b":{"0":[0],"1":[0],"2":[0],"3":[0],"4":[2,0],"5":[2,2],"6":[0,8],"7":[8,8],"8":[0,0],"9":[0,0],"10":[0,0],"11":[0,0]}}
}
